\BOOKMARK [1][-]{section.1}{\376\377\000A\000W\000G\000N\000\040\000c\000s\000a\000t\000o\000r\000n\000a\000m\000o\000d\000e\000l\000l}{}% 1
\BOOKMARK [2][-]{subsection.1.1}{\376\377\000E\000l\000m\000\351\000l\000e\000t\000i\000\040\000h\000\341\000t\000t\000\351\000r}{section.1}% 2
\BOOKMARK [2][-]{subsection.1.2}{\376\377\000M\000\351\000r\000\351\000s\000i\000\040\000f\000e\000l\000a\000d\000a\000t\000o\000k\000,\000\040\000m\000\351\000r\000\351\000s\000\040\000m\000e\000n\000e\000t\000e}{section.1}% 3
\BOOKMARK [2][-]{subsection.1.3}{\376\377\000K\000a\000p\000o\000t\000t\000\040\000e\000r\000e\000d\000m\000\351\000n\000y\000e\000k\000,\000\040\000\351\000r\000t\000\351\000k\000e\000l\000\351\000s}{section.1}% 4
\BOOKMARK [1][-]{section.2}{\376\377\000R\000a\000y\000l\000e\000i\000g\000h\000\040\000c\000s\000a\000t\000o\000r\000n\000a\000m\000o\000d\000e\000l\000l}{}% 5
\BOOKMARK [2][-]{subsection.2.1}{\376\377\000E\000l\000m\000\351\000l\000e\000t\000i\000\040\000h\000\341\000t\000t\000\351\000r}{section.2}% 6
\BOOKMARK [2][-]{subsection.2.2}{\376\377\000M\000\351\000r\000\351\000s\000i\000\040\000f\000e\000l\000a\000d\000a\000t\000o\000k\000,\000\040\000m\000\351\000r\000\351\000s\000\040\000m\000e\000n\000e\000t\000e}{section.2}% 7
\BOOKMARK [2][-]{subsection.2.3}{\376\377\000K\000a\000p\000o\000t\000t\000\040\000e\000r\000e\000d\000m\000\351\000n\000y\000e\000k\000,\000\040\000\351\000r\000t\000\351\000k\000e\000l\000\351\000s}{section.2}% 8
\BOOKMARK [1][-]{section.3}{\376\377\000R\000i\000c\000e\000\040\000c\000s\000a\000t\000o\000r\000n\000a\000m\000o\000d\000e\000l\000l}{}% 9
\BOOKMARK [2][-]{subsection.3.1}{\376\377\000E\000l\000m\000\351\000l\000e\000t\000i\000\040\000h\000\341\000t\000t\000\351\000r}{section.3}% 10
\BOOKMARK [2][-]{subsection.3.2}{\376\377\000M\000\351\000r\000\351\000s\000i\000\040\000f\000e\000l\000a\000d\000a\000t\000o\000k\000,\000\040\000m\000\351\000r\000\351\000s\000\040\000m\000e\000n\000e\000t\000e}{section.3}% 11
\BOOKMARK [2][-]{subsection.3.3}{\376\377\000K\000a\000p\000o\000t\000t\000\040\000e\000r\000e\000d\000m\000\351\000n\000y\000e\000k\000,\000\040\000\351\000r\000t\000\351\000k\000e\000l\000\351\000s}{section.3}% 12
\BOOKMARK [1][-]{section.4}{\376\377\000L\000o\000g\000-\000n\000o\000r\000m\000\341\000l\000\040\000c\000s\000a\000t\000o\000r\000n\000a\000m\000o\000d\000e\000l\000l}{}% 13
\BOOKMARK [2][-]{subsection.4.1}{\376\377\000E\000l\000m\000\351\000l\000e\000t\000i\000\040\000h\000\341\000t\000t\000\351\000r}{section.4}% 14
\BOOKMARK [2][-]{subsection.4.2}{\376\377\000M\000\351\000r\000\351\000s\000i\000\040\000f\000e\000l\000a\000d\000a\000t\000o\000k\000,\000\040\000m\000\351\000r\000\351\000s\000\040\000m\000e\000n\000e\000t\000e}{section.4}% 15
\BOOKMARK [2][-]{subsection.4.3}{\376\377\000K\000a\000p\000o\000t\000t\000\040\000e\000r\000e\000d\000m\000\351\000n\000y\000e\000k\000,\000\040\000\351\000r\000t\000\351\000k\000e\000l\000\351\000s}{section.4}% 16
\BOOKMARK [1][-]{section.5}{\376\377\000I\000d\001\121\000j\000\341\000r\000\341\000s\000i\000\040\000j\000e\000l\000e\000n\000s\000\351\000g\000e\000k\000e\000t\000\040\000l\000e\000\355\000r\000\363\000\040\000c\000s\000a\000t\000o\000r\000n\000a\000m\000o\000d\000e\000l\000l\000e\000k}{}% 17
\BOOKMARK [2][-]{subsection.5.1}{\376\377\000E\000l\000m\000\351\000l\000e\000t\000i\000\040\000h\000\341\000t\000t\000\351\000r}{section.5}% 18
\BOOKMARK [2][-]{subsection.5.2}{\376\377\000M\000\351\000r\000\351\000s\000i\000\040\000f\000e\000l\000a\000d\000a\000t\000o\000k\000,\000\040\000m\000\351\000r\000\351\000s\000\040\000m\000e\000n\000e\000t\000e}{section.5}% 19
\BOOKMARK [2][-]{subsection.5.3}{\376\377\000K\000a\000p\000o\000t\000t\000\040\000e\000r\000e\000d\000m\000\351\000n\000y\000e\000k\000,\000\040\000\351\000r\000t\000\351\000k\000e\000l\000\351\000s}{section.5}% 20
