This is pdfTeX, Version 3.141592653-2.6-1.40.24 (TeX Live 2022/Debian) (preloaded format=pdflatex 2025.9.23)  9 MAR 2026 22:33
entering extended mode
 restricted \write18 enabled.
 file:line:error style messages enabled.
 %&-line parsing enabled.
**main.tex
(./main.tex
LaTeX2e <2022-11-01> patch level 1
L3 programming layer <2023-01-16> (/usr/share/texlive/texmf-dist/tex/latex/base/article.cls
Document Class: article 2022/07/02 v1.4n Standard LaTeX document class
(/usr/share/texlive/texmf-dist/tex/latex/base/size10.clo
File: size10.clo 2022/07/02 v1.4n Standard LaTeX file (size option)
)
\c@part=\count185
\c@section=\count186
\c@subsection=\count187
\c@subsubsection=\count188
\c@paragraph=\count189
\c@subparagraph=\count190
\c@figure=\count191
\c@table=\count192
\abovecaptionskip=\skip48
\belowcaptionskip=\skip49
\bibindent=\dimen140
) (/usr/share/texlive/texmf-dist/tex/generic/babel/babel.sty
Package: babel 2022/12/26 3.84 The Babel package
\babel@savecnt=\count193
\U@D=\dimen141
\l@unhyphenated=\language87
 (/usr/share/texlive/texmf-dist/tex/generic/babel/txtbabel.def)
\bbl@readstream=\read2
\bbl@dirlevel=\count194
 (/usr/share/texlive/texmf-dist/tex/generic/babel-hungarian/magyar.ldf
Language: magyar 2019/01/14 v1.5c Magyar (Hungarian) support for babel
Package babel Info: Making ` an active character on input line 2819.
\c@footnote@add=\count195
\c@footnote@ch=\count196
)) (/usr/share/texlive/texmf-dist/tex/generic/babel/locale/hu/babel-magyar.tex
Package babel Info: Importing font and identification data for magyar
(babel)             from babel-hu.ini. Reported on input line 11.
) (/usr/share/texlive/texmf-dist/tex/latex/base/fontenc.sty
Package: fontenc 2021/04/29 v2.0v Standard LaTeX package
) (/usr/share/texlive/texmf-dist/tex/latex/amsmath/amsmath.sty
Package: amsmath 2022/04/08 v2.17n AMS math features
\@mathmargin=\skip50

For additional information on amsmath, use the `?' option.
(/usr/share/texlive/texmf-dist/tex/latex/amsmath/amstext.sty
Package: amstext 2021/08/26 v2.01 AMS text
 (/usr/share/texlive/texmf-dist/tex/latex/amsmath/amsgen.sty
File: amsgen.sty 1999/11/30 v2.0 generic functions
\@emptytoks=\toks16
\ex@=\dimen142
)) (/usr/share/texlive/texmf-dist/tex/latex/amsmath/amsbsy.sty
Package: amsbsy 1999/11/29 v1.2d Bold Symbols
\pmbraise@=\dimen143
) (/usr/share/texlive/texmf-dist/tex/latex/amsmath/amsopn.sty
Package: amsopn 2022/04/08 v2.04 operator names
)
\inf@bad=\count197
LaTeX Info: Redefining \frac on input line 234.
\uproot@=\count198
\leftroot@=\count199
LaTeX Info: Redefining \overline on input line 399.
LaTeX Info: Redefining \colon on input line 410.
\classnum@=\count266
\DOTSCASE@=\count267
LaTeX Info: Redefining \ldots on input line 496.
LaTeX Info: Redefining \dots on input line 499.
LaTeX Info: Redefining \cdots on input line 620.
\Mathstrutbox@=\box51
\strutbox@=\box52
LaTeX Info: Redefining \big on input line 722.
LaTeX Info: Redefining \Big on input line 723.
LaTeX Info: Redefining \bigg on input line 724.
LaTeX Info: Redefining \Bigg on input line 725.
\big@size=\dimen144
LaTeX Font Info:    Redeclaring font encoding OML on input line 743.
LaTeX Font Info:    Redeclaring font encoding OMS on input line 744.
\macc@depth=\count268
LaTeX Info: Redefining \bmod on input line 905.
LaTeX Info: Redefining \pmod on input line 910.
LaTeX Info: Redefining \smash on input line 940.
LaTeX Info: Redefining \relbar on input line 970.
LaTeX Info: Redefining \Relbar on input line 971.
\c@MaxMatrixCols=\count269
\dotsspace@=\muskip16
\c@parentequation=\count270
\dspbrk@lvl=\count271
\tag@help=\toks17
\row@=\count272
\column@=\count273
\maxfields@=\count274
\andhelp@=\toks18
\eqnshift@=\dimen145
\alignsep@=\dimen146
\tagshift@=\dimen147
\tagwidth@=\dimen148
\totwidth@=\dimen149
\lineht@=\dimen150
\@envbody=\toks19
\multlinegap=\skip51
\multlinetaggap=\skip52
\mathdisplay@stack=\toks20
LaTeX Info: Redefining \[ on input line 2953.
LaTeX Info: Redefining \] on input line 2954.
) (/usr/share/texlive/texmf-dist/tex/latex/listings/listings.sty (/usr/share/texlive/texmf-dist/tex/latex/graphics/keyval.sty
Package: keyval 2022/05/29 v1.15 key=value parser (DPC)
\KV@toks@=\toks21
)
\lst@mode=\count275
\lst@gtempboxa=\box53
\lst@token=\toks22
\lst@length=\count276
\lst@currlwidth=\dimen151
\lst@column=\count277
\lst@pos=\count278
\lst@lostspace=\dimen152
\lst@width=\dimen153
\lst@newlines=\count279
\lst@lineno=\count280
\lst@maxwidth=\dimen154
 (/usr/share/texlive/texmf-dist/tex/latex/listings/lstmisc.sty
File: lstmisc.sty 2020/03/24 1.8d (Carsten Heinz)
\c@lstnumber=\count281
\lst@skipnumbers=\count282
\lst@framebox=\box54
) (/usr/share/texlive/texmf-dist/tex/latex/listings/listings.cfg
File: listings.cfg 2020/03/24 1.8d listings configuration
))
Package: listings 2020/03/24 1.8d (Carsten Heinz)
 (/usr/share/texlive/texmf-dist/tex/latex/graphics/graphicx.sty
Package: graphicx 2021/09/16 v1.2d Enhanced LaTeX Graphics (DPC,SPQR)
 (/usr/share/texlive/texmf-dist/tex/latex/graphics/graphics.sty
Package: graphics 2022/03/10 v1.4e Standard LaTeX Graphics (DPC,SPQR)
 (/usr/share/texlive/texmf-dist/tex/latex/graphics/trig.sty
Package: trig 2021/08/11 v1.11 sin cos tan (DPC)
) (/usr/share/texlive/texmf-dist/tex/latex/graphics-cfg/graphics.cfg
File: graphics.cfg 2016/06/04 v1.11 sample graphics configuration
)
Package graphics Info: Driver file: pdftex.def on input line 107.
 (/usr/share/texlive/texmf-dist/tex/latex/graphics-def/pdftex.def
File: pdftex.def 2022/09/22 v1.2b Graphics/color driver for pdftex
))
\Gin@req@height=\dimen155
\Gin@req@width=\dimen156
) (/usr/share/texlive/texmf-dist/tex/latex/hyperref/hyperref.sty
Package: hyperref 2022-11-13 v7.00u Hypertext links for LaTeX
 (/usr/share/texlive/texmf-dist/tex/generic/ltxcmds/ltxcmds.sty
Package: ltxcmds 2020-05-10 v1.25 LaTeX kernel commands for general use (HO)
) (/usr/share/texlive/texmf-dist/tex/generic/iftex/iftex.sty
Package: iftex 2022/02/03 v1.0f TeX engine tests
) (/usr/share/texlive/texmf-dist/tex/generic/pdftexcmds/pdftexcmds.sty
Package: pdftexcmds 2020-06-27 v0.33 Utility functions of pdfTeX for LuaTeX (HO)
 (/usr/share/texlive/texmf-dist/tex/generic/infwarerr/infwarerr.sty
Package: infwarerr 2019/12/03 v1.5 Providing info/warning/error messages (HO)
)
Package pdftexcmds Info: \pdf@primitive is available.
Package pdftexcmds Info: \pdf@ifprimitive is available.
Package pdftexcmds Info: \pdfdraftmode found.
) (/usr/share/texlive/texmf-dist/tex/latex/kvsetkeys/kvsetkeys.sty
Package: kvsetkeys 2022-10-05 v1.19 Key value parser (HO)
) (/usr/share/texlive/texmf-dist/tex/generic/kvdefinekeys/kvdefinekeys.sty
Package: kvdefinekeys 2019-12-19 v1.6 Define keys (HO)
) (/usr/share/texlive/texmf-dist/tex/generic/pdfescape/pdfescape.sty
Package: pdfescape 2019/12/09 v1.15 Implements pdfTeX's escape features (HO)
) (/usr/share/texlive/texmf-dist/tex/latex/hycolor/hycolor.sty
Package: hycolor 2020-01-27 v1.10 Color options for hyperref/bookmark (HO)
) (/usr/share/texlive/texmf-dist/tex/latex/letltxmacro/letltxmacro.sty
Package: letltxmacro 2019/12/03 v1.6 Let assignment for LaTeX macros (HO)
) (/usr/share/texlive/texmf-dist/tex/latex/auxhook/auxhook.sty
Package: auxhook 2019-12-17 v1.6 Hooks for auxiliary files (HO)
) (/usr/share/texlive/texmf-dist/tex/latex/hyperref/nameref.sty
Package: nameref 2022-05-17 v2.50 Cross-referencing by name of section
 (/usr/share/texlive/texmf-dist/tex/latex/refcount/refcount.sty
Package: refcount 2019/12/15 v3.6 Data extraction from label references (HO)
) (/usr/share/texlive/texmf-dist/tex/generic/gettitlestring/gettitlestring.sty
Package: gettitlestring 2019/12/15 v1.6 Cleanup title references (HO)
 (/usr/share/texlive/texmf-dist/tex/latex/kvoptions/kvoptions.sty
Package: kvoptions 2022-06-15 v3.15 Key value format for package options (HO)
))
\c@section@level=\count283
)
\@linkdim=\dimen157
\Hy@linkcounter=\count284
\Hy@pagecounter=\count285
 (/usr/share/texlive/texmf-dist/tex/latex/hyperref/pd1enc.def
File: pd1enc.def 2022-11-13 v7.00u Hyperref: PDFDocEncoding definition (HO)
Now handling font encoding PD1 ...
... no UTF-8 mapping file for font encoding PD1
) (/usr/share/texlive/texmf-dist/tex/generic/intcalc/intcalc.sty
Package: intcalc 2019/12/15 v1.3 Expandable calculations with integers (HO)
)
(/usr/share/texlive/texmf-dist/tex/generic/etexcmds/etexcmds.sty
Package: etexcmds 2019/12/15 v1.7 Avoid name clashes with e-TeX commands (HO)
)
\Hy@SavedSpaceFactor=\count286
 (/usr/share/texlive/texmf-dist/tex/latex/hyperref/puenc.def
File: puenc.def 2022-11-13 v7.00u Hyperref: PDF Unicode definition (HO)
Now handling font encoding PU ...
... no UTF-8 mapping file for font encoding PU
)
Package hyperref Info: Hyper figures OFF on input line 4162.
Package hyperref Info: Link nesting OFF on input line 4167.
Package hyperref Info: Hyper index ON on input line 4170.
Package hyperref Info: Plain pages OFF on input line 4177.
Package hyperref Info: Backreferencing OFF on input line 4182.
Package hyperref Info: Implicit mode ON; LaTeX internals redefined.
Package hyperref Info: Bookmarks ON on input line 4410.
\c@Hy@tempcnt=\count287
 (/usr/share/texlive/texmf-dist/tex/latex/url/url.sty
\Urlmuskip=\muskip17
Package: url 2013/09/16  ver 3.4  Verb mode for urls, etc.
)
LaTeX Info: Redefining \url on input line 4748.
\XeTeXLinkMargin=\dimen158
 (/usr/share/texlive/texmf-dist/tex/generic/bitset/bitset.sty
Package: bitset 2019/12/09 v1.3 Handle bit-vector datatype (HO)
 (/usr/share/texlive/texmf-dist/tex/generic/bigintcalc/bigintcalc.sty
Package: bigintcalc 2019/12/15 v1.5 Expandable calculations on big integers (HO)
))
\Fld@menulength=\count288
\Field@Width=\dimen159
\Fld@charsize=\dimen160
Package hyperref Info: Hyper figures OFF on input line 6027.
Package hyperref Info: Link nesting OFF on input line 6032.
Package hyperref Info: Hyper index ON on input line 6035.
Package hyperref Info: backreferencing OFF on input line 6042.
Package hyperref Info: Link coloring OFF on input line 6047.
Package hyperref Info: Link coloring with OCG OFF on input line 6052.
Package hyperref Info: PDF/A mode OFF on input line 6057.
 (/usr/share/texlive/texmf-dist/tex/latex/base/atbegshi-ltx.sty
Package: atbegshi-ltx 2021/01/10 v1.0c Emulation of the original atbegshi
package with kernel methods
)
\Hy@abspage=\count289
\c@Item=\count290
\c@Hfootnote=\count291
)
Package hyperref Info: Driver (autodetected): hpdftex.
 (/usr/share/texlive/texmf-dist/tex/latex/hyperref/hpdftex.def
File: hpdftex.def 2022-11-13 v7.00u Hyperref driver for pdfTeX
 (/usr/share/texlive/texmf-dist/tex/latex/base/atveryend-ltx.sty
Package: atveryend-ltx 2020/08/19 v1.0a Emulation of the original atveryend package
with kernel methods
)
\Fld@listcount=\count292
\c@bookmark@seq@number=\count293
 (/usr/share/texlive/texmf-dist/tex/latex/rerunfilecheck/rerunfilecheck.sty
Package: rerunfilecheck 2022-07-10 v1.10 Rerun checks for auxiliary files (HO)
 (/usr/share/texlive/texmf-dist/tex/generic/uniquecounter/uniquecounter.sty
Package: uniquecounter 2019/12/15 v1.4 Provide unlimited unique counter (HO)
)
Package uniquecounter Info: New unique counter `rerunfilecheck' on input line 285.
)
\Hy@SectionHShift=\skip53
) (/usr/share/texlive/texmf-dist/tex/latex/xcolor/xcolor.sty
Package: xcolor 2022/06/12 v2.14 LaTeX color extensions (UK)
 (/usr/share/texlive/texmf-dist/tex/latex/graphics-cfg/color.cfg
File: color.cfg 2016/01/02 v1.6 sample color configuration
)
Package xcolor Info: Driver file: pdftex.def on input line 227.
 (/usr/share/texlive/texmf-dist/tex/latex/graphics/mathcolor.ltx)
Package xcolor Info: Model `cmy' substituted by `cmy0' on input line 1353.
Package xcolor Info: Model `hsb' substituted by `rgb' on input line 1357.
Package xcolor Info: Model `RGB' extended on input line 1369.
Package xcolor Info: Model `HTML' substituted by `rgb' on input line 1371.
Package xcolor Info: Model `Hsb' substituted by `hsb' on input line 1372.
Package xcolor Info: Model `tHsb' substituted by `hsb' on input line 1373.
Package xcolor Info: Model `HSB' substituted by `hsb' on input line 1374.
Package xcolor Info: Model `Gray' substituted by `gray' on input line 1375.
Package xcolor Info: Model `wave' substituted by `hsb' on input line 1376.
) (/usr/share/texlive/texmf-dist/tex/latex/caption/caption.sty
Package: caption 2022/03/01 v3.6b Customizing captions (AR)
 (/usr/share/texlive/texmf-dist/tex/latex/caption/caption3.sty
Package: caption3 2022/03/17 v2.3b caption3 kernel (AR)
\caption@tempdima=\dimen161
\captionmargin=\dimen162
\caption@leftmargin=\dimen163
\caption@rightmargin=\dimen164
\caption@width=\dimen165
\caption@indent=\dimen166
\caption@parindent=\dimen167
\caption@hangindent=\dimen168
Package caption Info: Standard document class detected.
Package caption Info: hungarian babel package is loaded.
)
\c@caption@flags=\count294
\c@continuedfloat=\count295
Package caption Info: hungarian babel package is loaded.
Package caption Info: hyperref package is loaded.
Package caption Info: listings package is loaded.
) (/usr/share/texlive/texmf-dist/tex/latex/caption/subcaption.sty
Package: subcaption 2022/01/07 v1.5 Sub-captions (AR)
\c@subfigure=\count296
\c@subtable=\count297
) (/usr/share/texlive/texmf-dist/tex/latex/listings/lstlang1.sty
File: lstlang1.sty 2020/03/24 1.8d listings language file
) (/usr/share/texlive/texmf-dist/tex/latex/l3backend/l3backend-pdftex.def
File: l3backend-pdftex.def 2023-01-16 L3 backend support: PDF output (pdfTeX)
\l__color_backend_stack_int=\count298
\l__pdf_internal_box=\box55
) (./main.aux

LaTeX Warning: Label `fig:ray_set' multiply defined.


LaTeX Warning: Label `fig:ric_const2' multiply defined.


LaTeX Warning: Label `sub@fig:ric_const2' multiply defined.


LaTeX Warning: Label `fig:ric_d2' multiply defined.


LaTeX Warning: Label `sub@fig:ric_d2' multiply defined.


LaTeX Warning: Label `fig:ric_const1' multiply defined.


LaTeX Warning: Label `sub@fig:ric_const1' multiply defined.


LaTeX Warning: Label `fig:ric_d1' multiply defined.


LaTeX Warning: Label `sub@fig:ric_d1' multiply defined.


LaTeX Warning: Label `fig:ric_res' multiply defined.

)
\openout1 = `main.aux'.

LaTeX Font Info:    Checking defaults for OML/cmm/m/it on input line 45.
LaTeX Font Info:    ... okay on input line 45.
LaTeX Font Info:    Checking defaults for OMS/cmsy/m/n on input line 45.
LaTeX Font Info:    ... okay on input line 45.
LaTeX Font Info:    Checking defaults for OT1/cmr/m/n on input line 45.
LaTeX Font Info:    ... okay on input line 45.
LaTeX Font Info:    Checking defaults for T1/cmr/m/n on input line 45.
LaTeX Font Info:    ... okay on input line 45.
LaTeX Font Info:    Checking defaults for TS1/cmr/m/n on input line 45.
LaTeX Font Info:    ... okay on input line 45.
LaTeX Font Info:    Checking defaults for OMX/cmex/m/n on input line 45.
LaTeX Font Info:    ... okay on input line 45.
LaTeX Font Info:    Checking defaults for U/cmr/m/n on input line 45.
LaTeX Font Info:    ... okay on input line 45.
LaTeX Font Info:    Checking defaults for PD1/pdf/m/n on input line 45.
LaTeX Font Info:    ... okay on input line 45.
LaTeX Font Info:    Checking defaults for PU/pdf/m/n on input line 45.
LaTeX Font Info:    ... okay on input line 45.
\c@lstlisting=\count299
 (/usr/share/texlive/texmf-dist/tex/context/base/mkii/supp-pdf.mkii
[Loading MPS to PDF converter (version 2006.09.02).]
\scratchcounter=\count300
\scratchdimen=\dimen169
\scratchbox=\box56
\nofMPsegments=\count301
\nofMParguments=\count302
\everyMPshowfont=\toks23
\MPscratchCnt=\count303
\MPscratchDim=\dimen170
\MPnumerator=\count304
\makeMPintoPDFobject=\count305
\everyMPtoPDFconversion=\toks24
) (/usr/share/texlive/texmf-dist/tex/latex/epstopdf-pkg/epstopdf-base.sty
Package: epstopdf-base 2020-01-24 v2.11 Base part for package epstopdf
Package epstopdf-base Info: Redefining graphics rule for `.eps' on input line 485.
 (/usr/share/texlive/texmf-dist/tex/latex/latexconfig/epstopdf-sys.cfg
File: epstopdf-sys.cfg 2010/07/13 v1.3 Configuration of (r)epstopdf for TeX Live
))
Package hyperref Info: Link coloring OFF on input line 45.
 (./main.out) (./main.out)
\@outlinefile=\write3
\openout3 = `main.out'.

Package caption Info: Begin \AtBeginDocument code.
Package caption Info: End \AtBeginDocument code.
 (/usr/share/texlive/texmf-dist/tex/latex/base/article.cls
LaTeX Info: Redefining \cal on input line 497.
LaTeX Info: Redefining \mit on input line 498.
) (./main.toc)
\tf@toc=\write4
\openout4 = `main.toc'.

 [1


{/var/lib/texmf/fonts/map/pdftex/updmap/pdftex.map}]
<awgn/awgn.png, id=115, 1244.65pt x 526.96875pt>
File: awgn/awgn.png Graphic file (type png)
<use awgn/awgn.png>
Package pdftex.def Info: awgn/awgn.png  used on input line 60.
(pdftex.def)             Requested size: 172.5pt x 73.02731pt.
LaTeX Font Info:    Trying to load font information for T1+cmtt on input line 65.
 (/usr/share/texlive/texmf-dist/tex/latex/base/t1cmtt.fd
File: t1cmtt.fd 2022/07/10 v2.5l Standard LaTeX font definitions
)
Package hyperref Info: bookmark level for unknown lstlisting defaults to 0 on input line 66.
LaTeX Font Info:    Font shape `T1/cmtt/bx/n' in size <8> not available
(Font)              Font shape `T1/cmtt/m/n' tried instead on input line 67.
<awgn/awgn_mod.png, id=118, 1679.27374pt x 701.62125pt>
File: awgn/awgn_mod.png Graphic file (type png)
<use awgn/awgn_mod.png>
Package pdftex.def Info: awgn/awgn_mod.png  used on input line 71.
(pdftex.def)             Requested size: 241.49895pt x 100.89206pt.


LaTeX Warning: `h' float specifier changed to `ht'.

[2 <./awgn/awgn.png>]
<awgn/awgn_set.png, id=139, 739.76375pt x 418.56375pt>
File: awgn/awgn_set.png Graphic file (type png)
<use awgn/awgn_set.png>
Package pdftex.def Info: awgn/awgn_set.png  used on input line 85.
(pdftex.def)             Requested size: 172.5pt x 97.60246pt.
<awgn/awgn5db.png, id=142, 1512.40031pt x 781.41937pt>
File: awgn/awgn5db.png Graphic file (type png)
<use awgn/awgn5db.png>
Package pdftex.def Info: awgn/awgn5db.png  used on input line 96.
(pdftex.def)             Requested size: 172.5pt x 89.11612pt.
<awgn/awgn5db_d.png, id=143, 848.4498pt x 550.2156pt>
File: awgn/awgn5db_d.png Graphic file (type png)
<use awgn/awgn5db_d.png>
Package pdftex.def Info: awgn/awgn5db_d.png  used on input line 103.
(pdftex.def)             Requested size: 137.9979pt x 89.48872pt.
<awgn/awgn10db.png, id=144, 1514.65875pt x 779.16093pt>
File: awgn/awgn10db.png Graphic file (type png)
<use awgn/awgn10db.png>
Package pdftex.def Info: awgn/awgn10db.png  used on input line 110.
(pdftex.def)             Requested size: 172.5pt x 88.72777pt.
<awgn/awgn10db_d.png, id=145, 848.4498pt x 550.2156pt>
File: awgn/awgn10db_d.png Graphic file (type png)
<use awgn/awgn10db_d.png>
Package pdftex.def Info: awgn/awgn10db_d.png  used on input line 117.
(pdftex.def)             Requested size: 137.9979pt x 89.48872pt.
<awgn/awgn15db.png, id=146, 1515.41156pt x 779.91376pt>
File: awgn/awgn15db.png Graphic file (type png)
<use awgn/awgn15db.png>
Package pdftex.def Info: awgn/awgn15db.png  used on input line 124.
(pdftex.def)             Requested size: 172.5pt x 88.7778pt.
<awgn/awgn15db_d.png, id=147, 848.4498pt x 550.2156pt>
File: awgn/awgn15db_d.png Graphic file (type png)
<use awgn/awgn15db_d.png>
Package pdftex.def Info: awgn/awgn15db_d.png  used on input line 131.
(pdftex.def)             Requested size: 137.9979pt x 89.48872pt.
 [3 <./awgn/awgn_mod.png> <./awgn/awgn_set.png>] [4 <./awgn/awgn5db.png> <./awgn/awgn5db_d.png (PNG copy)> <./awgn/awgn10db.png> <./awgn/awgn10db_d.png (PNG copy)> <./awgn/awgn15db.png> <./awgn/awgn15db_d.png (PNG copy)>]
<ray/ray_mod.png, id=170, 2077.00969pt x 727.96968pt>
File: ray/ray_mod.png Graphic file (type png)
<use ray/ray_mod.png>
Package pdftex.def Info: ray/ray_mod.png  used on input line 163.
(pdftex.def)             Requested size: 241.49895pt x 84.64226pt.
<ray/ray_set1.png, id=171, 909.3975pt x 616.55344pt>
File: ray/ray_set1.png Graphic file (type png)
<use ray/ray_set1.png>
Package pdftex.def Info: ray/ray_set1.png  used on input line 172.
(pdftex.def)             Requested size: 137.9979pt x 93.55151pt.
<ray/ray_set2.png, id=172, 1252.68pt x 665.48625pt>
File: ray/ray_set2.png Graphic file (type png)
<use ray/ray_set2.png>
Package pdftex.def Info: ray/ray_set2.png  used on input line 179.
(pdftex.def)             Requested size: 189.75105pt x 100.8036pt.

Underfull \hbox (badness 4001) in paragraph at lines 180--180
[]\T1/cmr/m/n/9 (b) |Az egy út-ra vo-nat-ko-zó fá-zis-to-lást a
 []

[5 <./ray/ray_mod.png> <./ray/ray_set1.png> <./ray/ray_set2.png>]
<ray/rayconstpip3.png, id=185, 2588.92218pt x 990.70125pt>
File: ray/rayconstpip3.png Graphic file (type png)
<use ray/rayconstpip3.png>
Package pdftex.def Info: ray/rayconstpip3.png  used on input line 194.
(pdftex.def)             Requested size: 172.5pt x 66.00023pt.
<ray/raydpip3.png, id=186, 848.4498pt x 550.2156pt>
File: ray/raydpip3.png Graphic file (type png)
<use ray/raydpip3.png>
Package pdftex.def Info: ray/raydpip3.png  used on input line 201.
(pdftex.def)             Requested size: 137.9979pt x 89.48872pt.
<ray/rayconstpip2.png, id=187, 2588.92218pt x 992.20688pt>
File: ray/rayconstpip2.png Graphic file (type png)
<use ray/rayconstpip2.png>
Package pdftex.def Info: ray/rayconstpip2.png  used on input line 208.
(pdftex.def)             Requested size: 172.5pt x 66.10052pt.
<ray/raydpip2.png, id=188, 848.4498pt x 550.2156pt>
File: ray/raydpip2.png Graphic file (type png)
<use ray/raydpip2.png>
Package pdftex.def Info: ray/raydpip2.png  used on input line 215.
(pdftex.def)             Requested size: 137.9979pt x 89.48872pt.
 [6 <./ray/rayconstpip3.png> <./ray/raydpip3.png (PNG copy)> <./ray/rayconstpip2.png> <./ray/raydpip2.png (PNG copy)>]
<ray/ray_ric.png, id=199, 1027.58907pt x 774.64406pt>
File: ray/ray_ric.png Graphic file (type png)
<use ray/ray_ric.png>
Package pdftex.def Info: ray/ray_ric.png  used on input line 239.
(pdftex.def)             Requested size: 137.9979pt x 104.0287pt.
<ric/ricconstpip2.png, id=200, 2588.16937pt x 989.94844pt>
File: ric/ricconstpip2.png Graphic file (type png)
<use ric/ricconstpip2.png>
Package pdftex.def Info: ric/ricconstpip2.png  used on input line 254.
(pdftex.def)             Requested size: 172.5pt x 65.96518pt.
<ric/ricdpip2.png, id=201, 848.4498pt x 550.2156pt>
File: ric/ricdpip2.png Graphic file (type png)
<use ric/ricdpip2.png>
Package pdftex.def Info: ric/ricdpip2.png  used on input line 261.
(pdftex.def)             Requested size: 137.9979pt x 89.48872pt.
<ric/ricconstpi.png, id=202, 2588.92218pt x 989.94844pt>
File: ric/ricconstpi.png Graphic file (type png)
<use ric/ricconstpi.png>
Package pdftex.def Info: ric/ricconstpi.png  used on input line 268.
(pdftex.def)             Requested size: 172.5pt x 65.95007pt.
<ric/ricdpi.png, id=203, 849.4134pt x 550.2156pt>
File: ric/ricdpi.png Graphic file (type png)
<use ric/ricdpi.png>
Package pdftex.def Info: ric/ricdpi.png  used on input line 275.
(pdftex.def)             Requested size: 137.9979pt x 89.38799pt.


LaTeX Warning: `h' float specifier changed to `ht'.

[7 <./ray/ray_ric.png>] [8 <./ric/ricconstpip2.png> <./ric/ricdpip2.png (PNG copy)> <./ric/ricconstpi.png> <./ric/ricdpi.png (PNG copy)>]
<lgn/lgn_mod.png, id=222, 1790.18813pt x 693.34032pt>
File: lgn/lgn_mod.png Graphic file (type png)
<use lgn/lgn_mod.png>
Package pdftex.def Info: lgn/lgn_mod.png  used on input line 306.
(pdftex.def)             Requested size: 207.0021pt x 80.17151pt.
<lgn/lgn_set1.png, id=223, 1544.01843pt x 164.86594pt>
File: lgn/lgn_set1.png Graphic file (type png)
<use lgn/lgn_set1.png>
Package pdftex.def Info: lgn/lgn_set1.png  used on input line 315.
(pdftex.def)             Requested size: 241.49895pt x 25.78539pt.
<lgn/lgn_set2.png, id=224, 1153.30875pt x 578.91281pt>
File: lgn/lgn_set2.png Graphic file (type png)
<use lgn/lgn_set2.png>
Package pdftex.def Info: lgn/lgn_set2.png  used on input line 322.
(pdftex.def)             Requested size: 207.0021pt x 103.89946pt.
<lgn/lgnconst001.png, id=227, 2588.92218pt x 986.9372pt>
File: lgn/lgnconst001.png Graphic file (type png)
<use lgn/lgnconst001.png>
Package pdftex.def Info: lgn/lgnconst001.png  used on input line 336.
(pdftex.def)             Requested size: 172.5pt x 65.74947pt.
<lgn/lgnd001.png, id=228, 1872.2748pt x 788.2248pt>
File: lgn/lgnd001.png Graphic file (type png)
<use lgn/lgnd001.png>
Package pdftex.def Info: lgn/lgnd001.png  used on input line 343.
(pdftex.def)             Requested size: 137.9979pt x 58.09198pt.
<lgn/lgnconst01.png, id=229, 2588.92218pt x 989.94844pt>
File: lgn/lgnconst01.png Graphic file (type png)
<use lgn/lgnconst01.png>
Package pdftex.def Info: lgn/lgnconst01.png  used on input line 350.
(pdftex.def)             Requested size: 172.5pt x 65.95007pt.
<lgn/lgnd01.png, id=230, 1872.2748pt x 788.2248pt>
File: lgn/lgnd01.png Graphic file (type png)
<use lgn/lgnd01.png>
Package pdftex.def Info: lgn/lgnd01.png  used on input line 357.
(pdftex.def)             Requested size: 137.9979pt x 58.09198pt.
 [9 <./lgn/lgn_mod.png> <./lgn/lgn_set1.png> <./lgn/lgn_set2.png>]
Overfull \hbox (4.41833pt too wide) in paragraph at lines 382--382
[]\T1/cmr/m/n/10 Statisztikai szem-pont-ból ki-emelt je-len-t®-sé-g¶ a komp-le-mens es®-in-ten-zi-tás függ-
 []

[10 <./lgn/lgnconst001.png> <./lgn/lgnd001.png (PNG copy)> <./lgn/lgnconst01.png> <./lgn/lgnd01.png (PNG copy)>]
<rain/rain_stats.png, id=255, 1445.4pt x 704.6325pt>
File: rain/rain_stats.png Graphic file (type png)
<use rain/rain_stats.png>
Package pdftex.def Info: rain/rain_stats.png  used on input line 400.
(pdftex.def)             Requested size: 258.75pt x 126.14026pt.
<rain/rain_hist.png, id=256, 923.6106pt x 489.5088pt>
File: rain/rain_hist.png Graphic file (type png)
<use rain/rain_hist.png>
Package pdftex.def Info: rain/rain_hist.png  used on input line 409.
(pdftex.def)             Requested size: 155.24895pt x 82.28172pt.
<rain/rain_mods.png, id=257, 1190.19656pt x 641.39626pt>
File: rain/rain_mods.png Graphic file (type png)
<use rain/rain_mods.png>
Package pdftex.def Info: rain/rain_mods.png  used on input line 416.
(pdftex.def)             Requested size: 155.24895pt x 83.65846pt.


LaTeX Warning: `h' float specifier changed to `ht'.

[11 <./rain/rain_stats.png (PNG copy)>] [12 <./rain/rain_hist.png (PNG copy)> <./rain/rain_mods.png>] (./main.aux)

LaTeX Warning: There were multiply-defined labels.

Package rerunfilecheck Info: File `main.out' has not changed.
(rerunfilecheck)             Checksum: FE177D50BF032DE84A99213F873C8CAF;3858.
 ) 
Here is how much of TeX's memory you used:
 15377 strings out of 476091
 244090 string characters out of 5794081
 1864330 words of memory out of 5000000
 35493 multiletter control sequences out of 15000+600000
 527761 words of font info for 66 fonts, out of 8000000 for 9000
 1141 hyphenation exceptions out of 8191
 75i,12n,76p,1150b,1978s stack positions out of 10000i,1000n,20000p,200000b,200000s
{/usr/share/texmf/fonts/enc/dvips/cm-super/cm-super-t1.enc}</usr/share/texlive/texmf-dist/fonts/type1/public/amsfonts/cm/cmex10.pfb></usr/share/texlive/texmf-dist/fonts/type1/public/amsfonts/cm/cmmi10.pfb></usr/share/texlive/texmf-dist/fonts/type1/public/amsfonts/cm/cmmi6.pfb></usr/share/texlive/texmf-dist/fonts/type1/public/amsfonts/cm/cmmi7.pfb></usr/share/texlive/texmf-dist/fonts/type1/public/amsfonts/cm/cmmi9.pfb></usr/share/texlive/texmf-dist/fonts/type1/public/amsfonts/cm/cmr10.pfb></usr/share/texlive/texmf-dist/fonts/type1/public/amsfonts/cm/cmr6.pfb></usr/share/texlive/texmf-dist/fonts/type1/public/amsfonts/cm/cmr7.pfb></usr/share/texlive/texmf-dist/fonts/type1/public/amsfonts/cm/cmsy10.pfb></usr/share/texlive/texmf-dist/fonts/type1/public/amsfonts/cm/cmsy7.pfb></usr/share/texmf/fonts/type1/public/cm-super/sfbx1000.pfb></usr/share/texmf/fonts/type1/public/cm-super/sfbx1200.pfb></usr/share/texmf/fonts/type1/public/cm-super/sfbx1440.pfb></usr/share/texmf/fonts/type1/public/cm-super/sfit0800.pfb></usr/share/texmf/fonts/type1/public/cm-super/sfrm0600.pfb></usr/share/texmf/fonts/type1/public/cm-super/sfrm0700.pfb></usr/share/texmf/fonts/type1/public/cm-super/sfrm0800.pfb></usr/share/texmf/fonts/type1/public/cm-super/sfrm0900.pfb></usr/share/texmf/fonts/type1/public/cm-super/sfrm1000.pfb></usr/share/texmf/fonts/type1/public/cm-super/sfrm1200.pfb></usr/share/texmf/fonts/type1/public/cm-super/sfrm1728.pfb></usr/share/texmf/fonts/type1/public/cm-super/sftt0800.pfb></usr/share/texmf/fonts/type1/public/cm-super/sftt0900.pfb></usr/share/texmf/fonts/type1/public/cm-super/sftt1000.pfb>
Output written on main.pdf (12 pages, 2131250 bytes).
PDF statistics:
 390 PDF objects out of 1000 (max. 8388607)
 276 compressed objects within 3 object streams
 64 named destinations out of 1000 (max. 500000)
 316 words of extra memory for PDF output out of 10000 (max. 10000000)

